<?xml version="1.0" encoding="UTF-8"?>
<!-- Generated by org.testng.reporters.JUnitReportReporter -->
<testsuite hostname="DESKTOP-M73UQ8J" failures="0" tests="2" name="testCases.TC001_AccountRegistrationTest" time="9.182" errors="0" timestamp="2024-10-14T19:04:19 IST" skipped="0">
  <testcase classname="testCases.TC001_AccountRegistrationTest" name="verify_account_registration" time="5.003"/>
  <testcase classname="testCases.TC001_AccountRegistrationTest" name="verify_account_registration" time="4.179"/>
</testsuite> <!-- testCases.TC001_AccountRegistrationTest -->
