<?xml version="1.0" encoding="UTF-8"?>
<!-- Generated by org.testng.reporters.JUnitReportReporter -->
<testsuite hostname="DESKTOP-M73UQ8J" failures="0" tests="7" name="testCases.TC003_LoginDDT" time="41.575" errors="0" timestamp="2024-10-09T20:07:29 IST" skipped="0">
  <testcase classname="testCases.TC003_LoginDDT" name="verify_loginDDT" time="1.869"/>
  <testcase classname="testCases.TC003_LoginDDT" name="verify_loginDDT" time="1.833"/>
  <testcase classname="testCases.TC003_LoginDDT" name="verify_loginDDT" time="11.280"/>
  <testcase classname="testCases.TC003_LoginDDT" name="verify_loginDDT" time="11.160"/>
  <testcase classname="testCases.TC003_LoginDDT" name="verify_loginDDT" time="1.646"/>
  <testcase classname="testCases.TC003_LoginDDT" name="verify_loginDDT" time="2.610"/>
  <testcase classname="testCases.TC003_LoginDDT" name="verify_loginDDT" time="11.177"/>
</testsuite> <!-- testCases.TC003_LoginDDT -->
