<?xml version="1.0" encoding="UTF-8"?>
<!-- Generated by org.testng.reporters.JUnitReportReporter -->
<testsuite hostname="DESKTOP-M73UQ8J" failures="0" tests="2" name="testCases.TC002_LoginTest" time="6.413" errors="0" timestamp="2024-10-14T19:04:19 IST" skipped="0">
  <testcase classname="testCases.TC002_LoginTest" name="verify_login" time="2.199"/>
  <testcase classname="testCases.TC002_LoginTest" name="verify_login" time="4.214"/>
</testsuite> <!-- testCases.TC002_LoginTest -->
