<?xml version="1.0" encoding="UTF-8"?>
<!-- Generated by org.testng.reporters.JUnitReportReporter -->
<testsuite hostname="DESKTOP-M73UQ8J" failures="0" tests="1" name="testCases.TC001_AccountRegistrationTest" time="4.013" errors="0" timestamp="2024-10-15T18:21:02 IST" skipped="0">
  <testcase classname="testCases.TC001_AccountRegistrationTest" name="verify_account_registration" time="4.013"/>
</testsuite> <!-- testCases.TC001_AccountRegistrationTest -->
